2020-02-04 08:54:10,341 WARN r.d.a.r.App [main] dknj
2020-02-04 09:00:57,576 INFO r.d.a.r.App [main] Dozer works fine
2020-02-04 09:05:58,101 WARN r.d.a.r.App [main] Issues: [Pump pressure issue RIGHT, Pump pressure issue LEFT]
2020-02-04 09:10:58,811 INFO r.d.a.r.App [main] Dozer works fine
2020-02-04 09:15:59,262 WARN r.d.a.r.App [main] Issues: [Pump pressure issue LEFT]
2020-02-04 09:20:59,958 INFO r.d.a.r.App [main] Dozer works fine
2020-02-04 09:26:00,449 INFO r.d.a.r.App [main] Dozer works fine
2020-02-04 09:31:00,904 WARN r.d.a.r.App [main] Issues: [Pump pressure issue RIGHT, Pump pressure issue LEFT]
2020-02-04 09:36:01,453 WARN r.d.a.r.App [main] Issues: [Pump pressure issue LEFT] Errors: [61]
2020-02-04 09:37:53,938 WARN r.d.a.r.App [main] Errors: [61]
2020-02-04 09:41:02,044 WARN r.d.a.r.App [main] Issues: [Pump pressure issue RIGHT, Pump pressure issue LEFT] Errors: [61]
2020-02-04 09:42:54,364 WARN r.d.a.r.App [main] Errors: [61]
2020-02-04 09:46:02,592 INFO r.d.a.r.App [main] Dozer works fine
2020-02-04 09:47:55,112 INFO r.d.a.r.App [main] Dozer works fine
2020-02-04 09:51:03,362 WARN r.d.a.r.App [main] Issues: [Pump pressure issue LEFT]
2020-02-04 09:52:55,633 INFO r.d.a.r.App [main] Dozer works fine
2020-02-04 09:56:04,107 WARN r.d.a.r.App [main] Issues: [Pump pressure issue LEFT, Pump pressure issue RIGHT]
2020-02-04 09:57:56,103 INFO r.d.a.r.App [main] Dozer works fine
2020-02-04 10:01:04,764 INFO r.d.a.r.App [main] Dozer works fine
2020-02-04 10:02:56,663 INFO r.d.a.r.App [main] Dozer works fine
2020-02-04 10:06:05,214 INFO r.d.a.r.App [main] Dozer works fine
2020-02-04 10:11:05,750 WARN r.d.a.r.App [main] Issues: [Pump pressure issue RIGHT, Pump pressure issue LEFT]
2020-02-04 10:16:06,272 INFO r.d.a.r.App [main] Dozer works fine
2020-02-04 10:21:06,704 INFO r.d.a.r.App [main] Dozer works fine
2020-02-04 10:21:18,217 INFO r.d.a.r.App [main] Dozer works fine
2020-02-04 10:26:07,134 WARN r.d.a.r.App [main] Issues: [Pump pressure issue LEFT]
2020-02-04 10:27:12,462 INFO r.d.a.r.App [main] Dozer works fine
2020-02-04 10:31:07,557 WARN r.d.a.r.App [main] Issues: [Pump pressure issue RIGHT]
2020-02-04 10:32:13,060 INFO r.d.a.r.App [main] Dozer works fine
2020-02-04 10:36:08,338 INFO r.d.a.r.App [main] Dozer works fine
2020-02-04 10:37:13,534 INFO r.d.a.r.App [main] Dozer works fine
2020-02-04 10:41:08,796 INFO r.d.a.r.App [main] Dozer works fine
2020-02-04 10:42:14,048 INFO r.d.a.r.App [main] Dozer works fine
2020-02-04 10:46:09,530 INFO r.d.a.r.App [main] Dozer works fine
2020-02-04 10:47:14,472 INFO r.d.a.r.App [main] Dozer works fine
2020-02-04 10:51:11,501 INFO r.d.a.r.App [main] Dozer works fine
2020-02-04 10:52:14,868 INFO r.d.a.r.App [main] Dozer works fine
2020-02-04 10:56:12,197 WARN r.d.a.r.App [main] Issues: [Pump pressure issue RIGHT] Errors: [61]
2020-02-04 10:57:15,617 WARN r.d.a.r.App [main] Errors: [61]
2020-02-04 11:01:13,202 WARN r.d.a.r.App [main] Errors: [61]
2020-02-04 11:02:16,181 WARN r.d.a.r.App [main] Errors: [61]
2020-02-04 11:06:13,825 WARN r.d.a.r.App [main] Errors: [61]
2020-02-04 11:07:16,630 WARN r.d.a.r.App [main] Errors: [61]
2020-02-04 11:11:14,672 WARN r.d.a.r.App [main] Errors: [61]
2020-02-04 11:12:17,161 WARN r.d.a.r.App [main] Errors: [61]
2020-02-04 11:16:19,557 WARN r.d.a.r.App [main] Errors: [61]
2020-02-04 11:17:24,361 WARN r.d.a.r.App [main] Errors: [61]
2020-02-04 11:21:20,009 WARN r.d.a.r.App [main] Issues: [Pump pressure issue RIGHT]
2020-02-04 11:22:24,858 INFO r.d.a.r.App [main] Dozer works fine
2020-02-04 11:26:20,730 WARN r.d.a.r.App [main] Issues: [Pump pressure issue LEFT, Pump pressure issue RIGHT]
2020-02-04 11:27:25,889 WARN r.d.a.r.App [main] Issues: [Pump pressure issue LEFT]
2020-02-04 11:31:21,337 WARN r.d.a.r.App [main] Issues: [Pump pressure issue LEFT]
2020-02-04 11:32:32,219 WARN r.d.a.r.App [main] Issues: [Pump pressure issue LEFT]
2020-02-04 11:36:22,272 WARN r.d.a.r.App [main] Issues: [Pump pressure issue RIGHT]
2020-02-04 11:37:32,736 INFO r.d.a.r.App [main] Dozer works fine
2020-02-04 11:41:22,725 WARN r.d.a.r.App [main] Errors: [61]
2020-02-04 11:42:33,162 WARN r.d.a.r.App [main] Issues: [Pump pressure issue LEFT] Errors: [61]
2020-02-04 11:46:23,484 WARN r.d.a.r.App [main] Issues: [Pump pressure issue LEFT] Errors: [61]
2020-02-04 11:47:33,605 WARN r.d.a.r.App [main] Errors: [61]
2020-02-04 11:51:24,013 WARN r.d.a.r.App [main] Issues: [Pump pressure issue LEFT] Errors: [61]
2020-02-04 11:52:34,104 WARN r.d.a.r.App [main] Errors: [61]
2020-02-04 11:56:24,545 INFO r.d.a.r.App [main] Dozer works fine
2020-02-04 11:57:34,485 INFO r.d.a.r.App [main] Dozer works fine
2020-02-04 12:01:27,945 INFO r.d.a.r.App [main] Dozer works fine
2020-02-04 12:02:35,108 INFO r.d.a.r.App [main] Dozer works fine
2020-02-04 12:06:28,433 INFO r.d.a.r.App [main] Dozer works fine
2020-02-04 12:07:35,646 INFO r.d.a.r.App [main] Dozer works fine
2020-02-04 12:11:29,200 WARN r.d.a.r.App [main] Issues: [Pump pressure issue RIGHT, Pump pressure issue LEFT]
2020-02-04 12:12:36,344 INFO r.d.a.r.App [main] Dozer works fine
2020-02-04 12:16:38,947 INFO r.d.a.r.App [main] Dozer works fine
2020-02-04 12:17:36,760 INFO r.d.a.r.App [main] Dozer works fine
2020-02-04 12:21:39,362 INFO r.d.a.r.App [main] Dozer works fine
2020-02-04 12:22:38,220 INFO r.d.a.r.App [main] Dozer works fine
2020-02-04 12:26:39,980 INFO r.d.a.r.App [main] Dozer works fine
2020-02-04 12:27:38,761 INFO r.d.a.r.App [main] Dozer works fine
2020-02-04 12:31:40,841 WARN r.d.a.r.App [main] Issues: [Pump pressure issue LEFT]
2020-02-04 12:32:39,166 INFO r.d.a.r.App [main] Dozer works fine
2020-02-04 12:36:41,512 INFO r.d.a.r.App [main] Dozer works fine
2020-02-04 12:37:40,331 INFO r.d.a.r.App [main] Dozer works fine
2020-02-04 12:41:41,914 INFO r.d.a.r.App [main] Dozer works fine
2020-02-04 12:42:40,796 INFO r.d.a.r.App [main] Dozer works fine
2020-02-04 12:46:42,526 INFO r.d.a.r.App [main] Dozer works fine
2020-02-04 12:47:41,655 INFO r.d.a.r.App [main] Dozer works fine
2020-02-04 12:51:43,559 INFO r.d.a.r.App [main] Dozer works fine
2020-02-04 12:52:42,154 INFO r.d.a.r.App [main] Dozer works fine
2020-02-04 12:56:44,217 INFO r.d.a.r.App [main] Dozer works fine
2020-02-04 12:57:42,609 INFO r.d.a.r.App [main] Dozer works fine
2020-02-04 13:01:53,342 INFO r.d.a.r.App [main] Dozer works fine
2020-02-04 13:02:44,689 INFO r.d.a.r.App [main] Dozer works fine
2020-02-04 13:06:53,885 INFO r.d.a.r.App [main] Dozer works fine
2020-02-04 13:07:45,106 INFO r.d.a.r.App [main] Dozer works fine
2020-02-04 13:11:54,299 INFO r.d.a.r.App [main] Dozer works fine
2020-02-04 13:12:45,505 INFO r.d.a.r.App [main] Dozer works fine
2020-02-04 13:16:54,773 INFO r.d.a.r.App [main] Dozer works fine
2020-02-04 13:17:46,119 INFO r.d.a.r.App [main] Dozer works fine
2020-02-04 13:21:55,334 INFO r.d.a.r.App [main] Dozer works fine
2020-02-04 13:23:32,525 INFO r.d.a.r.App [main] Dozer works fine
2020-02-04 13:26:55,915 INFO r.d.a.r.App [main] Dozer works fine
2020-02-04 13:28:33,021 INFO r.d.a.r.App [main] Dozer works fine
2020-02-04 13:31:56,603 INFO r.d.a.r.App [main] Dozer works fine
2020-02-04 13:33:33,600 INFO r.d.a.r.App [main] Dozer works fine
2020-02-04 13:36:57,166 INFO r.d.a.r.App [main] Dozer works fine
2020-02-04 13:38:34,206 INFO r.d.a.r.App [main] Dozer works fine
2020-02-04 13:41:57,832 INFO r.d.a.r.App [main] Dozer works fine
2020-02-04 13:43:34,896 INFO r.d.a.r.App [main] Dozer works fine
2020-02-04 13:46:58,447 INFO r.d.a.r.App [main] Dozer works fine
2020-02-04 13:48:35,550 INFO r.d.a.r.App [main] Dozer works fine
2020-02-04 13:51:59,205 INFO r.d.a.r.App [main] Dozer works fine
2020-02-04 13:53:36,069 INFO r.d.a.r.App [main] Dozer works fine
2020-02-04 13:56:59,755 INFO r.d.a.r.App [main] Dozer works fine
2020-02-04 13:58:36,532 INFO r.d.a.r.App [main] Dozer works fine
2020-02-04 14:02:00,235 INFO r.d.a.r.App [main] Dozer works fine
2020-02-04 14:03:37,282 INFO r.d.a.r.App [main] Dozer works fine
2020-02-04 14:07:00,751 INFO r.d.a.r.App [main] Dozer works fine
2020-02-04 14:08:38,247 INFO r.d.a.r.App [main] Dozer works fine
2020-02-04 14:12:01,385 INFO r.d.a.r.App [main] Dozer works fine
2020-02-04 14:13:38,684 INFO r.d.a.r.App [main] Dozer works fine
2020-02-04 14:17:01,873 INFO r.d.a.r.App [main] Dozer works fine
2020-02-04 14:18:39,090 INFO r.d.a.r.App [main] Dozer works fine
2020-02-04 14:22:02,266 WARN r.d.a.r.App [main] Issues: [Pump pressure issue RIGHT]
2020-02-04 14:23:39,561 INFO r.d.a.r.App [main] Dozer works fine
2020-02-04 14:27:02,753 INFO r.d.a.r.App [main] Dozer works fine
2020-02-04 14:28:40,146 INFO r.d.a.r.App [main] Dozer works fine
2020-02-04 14:32:03,445 WARN r.d.a.r.App [main] Issues: [Pump pressure issue RIGHT]
2020-02-04 14:33:40,594 INFO r.d.a.r.App [main] Dozer works fine
2020-02-04 14:37:04,072 INFO r.d.a.r.App [main] Dozer works fine
2020-02-04 14:38:40,971 INFO r.d.a.r.App [main] Dozer works fine
2020-02-04 14:42:04,492 WARN r.d.a.r.App [main] Errors: [61]
2020-02-04 14:43:41,424 WARN r.d.a.r.App [main] Errors: [61]
2020-02-04 14:47:05,026 WARN r.d.a.r.App [main] Errors: [61]
2020-02-04 14:48:41,892 WARN r.d.a.r.App [main] Errors: [61]
2020-02-04 14:52:06,010 WARN r.d.a.r.App [main] Errors: [61]
2020-02-04 14:53:42,410 WARN r.d.a.r.App [main] Errors: [61]
2020-02-04 14:57:06,951 WARN r.d.a.r.App [main] Errors: [61]
2020-02-04 14:58:43,037 WARN r.d.a.r.App [main] Errors: [61]
2020-02-04 15:02:07,415 WARN r.d.a.r.App [main] Errors: [61]
2020-02-04 15:03:43,868 WARN r.d.a.r.App [main] Errors: [61]
2020-02-04 15:07:08,308 WARN r.d.a.r.App [main] Errors: [61]
2020-02-04 15:08:44,224 WARN r.d.a.r.App [main] Errors: [61]
2020-02-04 15:12:09,072 WARN r.d.a.r.App [main] Issues: [Pump pressure issue RIGHT] Errors: [61]
2020-02-04 15:13:45,481 WARN r.d.a.r.App [main] Errors: [61]
2020-02-04 15:17:10,001 WARN r.d.a.r.App [main] Errors: [61]
2020-02-04 15:18:46,081 INFO r.d.a.r.App [main] Dozer works fine
2020-02-04 15:22:10,607 INFO r.d.a.r.App [main] Dozer works fine
2020-02-04 15:23:46,713 INFO r.d.a.r.App [main] Dozer works fine
2020-02-04 15:27:11,100 INFO r.d.a.r.App [main] Dozer works fine
2020-02-04 15:28:47,228 INFO r.d.a.r.App [main] Dozer works fine
2020-02-04 15:32:12,056 INFO r.d.a.r.App [main] Dozer works fine
2020-02-04 15:33:47,684 INFO r.d.a.r.App [main] Dozer works fine
2020-02-04 15:37:12,506 WARN r.d.a.r.App [main] Issues: [Pump pressure issue LEFT]
2020-02-04 15:38:48,159 INFO r.d.a.r.App [main] Dozer works fine
2020-02-04 15:42:13,006 INFO r.d.a.r.App [main] Dozer works fine
2020-02-04 15:43:48,644 WARN r.d.a.r.App [main] Errors: [61]
2020-02-04 15:47:13,414 WARN r.d.a.r.App [main] Errors: [61]
2020-02-04 15:48:49,029 WARN r.d.a.r.App [main] Errors: [61]
2020-02-04 15:52:13,905 WARN r.d.a.r.App [main] Errors: [61]
2020-02-04 15:53:50,410 WARN r.d.a.r.App [main] Errors: [61]
2020-02-04 15:57:14,576 INFO r.d.a.r.App [main] Dozer works fine
2020-02-04 15:58:50,832 INFO r.d.a.r.App [main] Dozer works fine
2020-02-04 16:02:16,398 INFO r.d.a.r.App [main] Dozer works fine
2020-02-04 16:03:51,290 INFO r.d.a.r.App [main] Dozer works fine
2020-02-04 16:07:16,817 INFO r.d.a.r.App [main] Dozer works fine
2020-02-04 16:08:51,680 INFO r.d.a.r.App [main] Dozer works fine
2020-02-04 16:12:17,195 INFO r.d.a.r.App [main] Dozer works fine
2020-02-04 16:13:52,100 INFO r.d.a.r.App [main] Dozer works fine
2020-02-04 16:17:17,691 INFO r.d.a.r.App [main] Dozer works fine
2020-02-04 16:18:52,568 INFO r.d.a.r.App [main] Dozer works fine
2020-02-04 16:22:18,169 INFO r.d.a.r.App [main] Dozer works fine
2020-02-04 16:23:52,974 INFO r.d.a.r.App [main] Dozer works fine
2020-02-04 16:27:19,092 INFO r.d.a.r.App [main] Dozer works fine
2020-02-04 16:28:53,424 INFO r.d.a.r.App [main] Dozer works fine
2020-02-04 16:33:54,254 INFO r.d.a.r.App [main] Dozer works fine
2020-02-04 16:37:40,620 INFO r.d.a.r.App [main] Dozer works fine
2020-02-04 16:38:54,637 INFO r.d.a.r.App [main] Dozer works fine
2020-02-04 16:42:40,977 INFO r.d.a.r.App [main] Dozer works fine
2020-02-04 16:43:55,048 INFO r.d.a.r.App [main] Dozer works fine
2020-02-04 16:47:41,431 INFO r.d.a.r.App [main] Dozer works fine
2020-02-04 16:52:41,870 INFO r.d.a.r.App [main] Dozer works fine
2020-02-04 16:57:42,784 INFO r.d.a.r.App [main] Dozer works fine
2020-02-04 17:02:43,230 WARN r.d.a.r.App [main] Issues: [Pump pressure issue RIGHT, Pump pressure issue LEFT]
2020-02-04 17:07:43,793 WARN r.d.a.r.App [main] Issues: [Pump pressure issue RIGHT, Pump pressure issue LEFT]
2020-02-04 17:12:44,192 WARN r.d.a.r.App [main] Issues: [Pump pressure issue LEFT]
2020-02-04 17:17:44,602 WARN r.d.a.r.App [main] Issues: [Pump pressure issue RIGHT, Pump pressure issue LEFT]
2020-02-04 17:22:44,988 INFO r.d.a.r.App [main] Dozer works fine
2020-02-04 17:27:45,515 WARN r.d.a.r.App [main] Issues: [Pump pressure issue RIGHT, Pump pressure issue LEFT]
2020-02-04 17:32:46,133 WARN r.d.a.r.App [main] Issues: [Pump pressure issue RIGHT, Pump pressure issue LEFT]
2020-02-05 06:53:03,921 INFO r.d.a.r.App [main] Standstill
2020-02-05 06:54:04,070 INFO r.d.a.r.App [main] Standstill
2020-02-05 06:55:04,268 INFO r.d.a.r.App [main] Standstill
2020-02-05 07:00:20,260 INFO r.d.a.r.App [main] Standstill
2020-02-05 07:05:20,458 INFO r.d.a.r.App [main] Standstill
2020-02-05 07:10:20,617 INFO r.d.a.r.App [main] Standstill
2020-02-05 07:15:20,745 INFO r.d.a.r.App [main] Standstill
2020-02-05 07:20:20,937 INFO r.d.a.r.App [main] Standstill
2020-02-05 07:25:21,467 INFO r.d.a.r.App [main] Standstill
2020-02-05 07:30:21,696 INFO r.d.a.r.App [main] Standstill
2020-02-05 07:35:21,856 INFO r.d.a.r.App [main] Standstill
2020-02-05 07:40:22,008 INFO r.d.a.r.App [main] Standstill
2020-02-05 07:45:22,211 INFO r.d.a.r.App [main] Standstill
2020-02-05 07:50:22,330 INFO r.d.a.r.App [main] Standstill
2020-02-05 07:55:22,531 INFO r.d.a.r.App [main] Standstill
2020-02-05 07:57:54,193 WARN r.d.a.r.App [main]  Issues: [Pump pressure issue LEFT: ] Errors: [2, 3, 61]
2020-02-05 08:05:34,620 WARN r.d.a.r.App [main]  Issues: [Pump pressure issue LEFT: ] Errors: [2, 3, 61]
2020-02-05 08:13:17,192 WARN r.d.a.r.App [main]  Issues: [Pump pressure issue LEFT: ] Errors: [2, 3, 61]
2020-02-05 08:19:57,602 INFO r.d.a.r.App [main] Dozer works fine
2020-02-05 08:24:57,976 INFO r.d.a.r.App [main] Dozer works fine
2020-02-05 08:29:58,416 WARN r.d.a.r.App [main] Errors: [3]
2020-02-05 08:34:58,588 INFO r.d.a.r.App [main] Dozer works fine
2020-02-05 08:39:59,126 INFO r.d.a.r.App [main] Standstill
2020-02-05 08:44:59,265 INFO r.d.a.r.App [main] Standstill
2020-02-05 08:49:59,405 INFO r.d.a.r.App [main] Standstill
2020-02-05 08:54:59,596 INFO r.d.a.r.App [main] Standstill
2020-02-05 08:59:59,722 INFO r.d.a.r.App [main] Standstill
2020-02-05 09:05:00,243 INFO r.d.a.r.App [main] Standstill
2020-02-05 09:10:00,440 INFO r.d.a.r.App [main] Standstill
2020-02-05 09:15:00,633 INFO r.d.a.r.App [main] Standstill
2020-02-05 09:20:00,755 INFO r.d.a.r.App [main] Standstill
2020-02-05 09:25:00,942 INFO r.d.a.r.App [main] Standstill
2020-02-05 09:30:01,075 INFO r.d.a.r.App [main] Standstill
2020-02-05 09:35:01,197 INFO r.d.a.r.App [main] Standstill
2020-02-05 09:40:01,395 INFO r.d.a.r.App [main] Standstill
2020-02-05 09:45:01,597 INFO r.d.a.r.App [main] Standstill
2020-02-05 09:50:01,841 INFO r.d.a.r.App [main] Standstill
2020-02-05 09:55:01,961 INFO r.d.a.r.App [main] Standstill
2020-02-05 10:00:02,098 INFO r.d.a.r.App [main] Standstill
2020-02-05 10:05:02,227 INFO r.d.a.r.App [main] Standstill
2020-02-05 10:10:03,332 INFO r.d.a.r.App [main] Standstill
2020-02-05 10:15:03,560 INFO r.d.a.r.App [main] Standstill
2020-02-05 10:20:04,085 INFO r.d.a.r.App [main] Standstill
2020-02-05 10:25:04,212 INFO r.d.a.r.App [main] Standstill
2020-02-05 10:30:05,611 INFO r.d.a.r.App [main] Standstill
2020-02-05 10:35:06,506 INFO r.d.a.r.App [main] Standstill
2020-02-05 10:40:06,744 INFO r.d.a.r.App [main] Standstill
2020-02-05 10:45:06,900 INFO r.d.a.r.App [main] Standstill
2020-02-05 10:50:07,027 INFO r.d.a.r.App [main] Standstill
2020-02-05 10:55:07,548 INFO r.d.a.r.App [main] Standstill
2020-02-05 11:00:07,680 INFO r.d.a.r.App [main] Standstill
2020-02-05 11:05:07,886 INFO r.d.a.r.App [main] Standstill
2020-02-05 11:10:08,070 INFO r.d.a.r.App [main] Standstill
2020-02-05 11:15:08,384 INFO r.d.a.r.App [main] Standstill
2020-02-05 11:20:22,231 INFO r.d.a.r.App [main] Standstill
2020-02-05 11:25:22,377 INFO r.d.a.r.App [main] Standstill
2020-02-05 11:36:23,181 DEBUG r.d.a.r.JsonHelper [main] Getting connection...
2020-02-05 11:36:23,324 DEBUG r.d.a.r.JsonHelper [main] Connection established. 
2020-02-05 11:36:23,324 DEBUG r.d.a.r.JsonHelper [main] Collecting data...
2020-02-05 11:36:23,325 DEBUG r.d.a.r.JsonHelper [main] Data collected.
2020-02-05 11:36:23,390 INFO r.d.a.r.App [main] Standstill
2020-02-05 11:41:23,390 DEBUG r.d.a.r.JsonHelper [main] Getting connection...
2020-02-05 11:41:23,594 DEBUG r.d.a.r.JsonHelper [main] Connection established. 
2020-02-05 11:41:23,594 DEBUG r.d.a.r.JsonHelper [main] Collecting data...
2020-02-05 11:41:23,595 DEBUG r.d.a.r.JsonHelper [main] Data collected.
2020-02-05 11:41:23,602 INFO r.d.a.r.App [main] Standstill
2020-02-05 16:32:41,681 WARN r.d.a.r.App [main] testtest
2020-02-05 16:41:51,893 WARN r.d.a.r.App [main] hsgkjbskj
2020-02-05 16:44:20,250 INFO r.d.a.r.App [main] hsgkjbskj
2020-02-05 16:53:29,339 WARN r.d.a.r.App [main] test2
2020-02-06 07:15:27,709 WARN r.d.a.r.App [main] test2
2020-02-06 07:15:27,709 WARN r.d.a.r.App [main] test2
2020-02-06 07:16:32,119 WARN r.d.a.r.App [main] test2
2020-02-06 07:17:45,450 WARN r.d.a.r.App [main] test2
2020-02-06 07:32:22,363 WARN r.d.a.r.App [main] test2
2020-02-06 07:33:13,279 WARN r.d.a.r.App [main] test2
2020-02-06 07:34:24,844 INFO r.d.a.r.App [main] hsgkjbskj
2020-02-06 07:34:24,847 WARN r.d.a.r.App [main] test2
2020-02-06 07:36:11,440 WARN r.d.a.r.App [main] test2
2020-02-06 07:36:54,698 INFO r.d.a.r.App [main] hsgkjbskj
2020-02-06 07:42:15,320 DEBUG r.d.a.r.JsonHelper [main] Getting connection...
2020-02-06 07:42:15,550 DEBUG r.d.a.r.JsonHelper [main] Connection established. 
2020-02-06 07:42:15,551 DEBUG r.d.a.r.JsonHelper [main] Collecting data...
2020-02-06 07:42:15,553 DEBUG r.d.a.r.JsonHelper [main] Data collected.
2020-02-06 07:46:06,650 WARN r.d.a.r.App [main] test2
2020-02-06 07:46:17,288 INFO  [main] hsgkjbskj
2020-02-06 07:46:17,291 WARN r.d.a.r.App [main] test2
2020-02-06 07:47:09,497 INFO  [main] hsgkjbskj
2020-02-06 07:47:09,500 WARN r.d.a.r.App [main] test2
2020-02-06 07:48:05,459 INFO  [main] hsgkjbskj
2020-02-06 07:48:05,462 WARN r.d.a.r.App [main] test2
2020-02-06 08:11:27,495 INFO r.d.a.r.App [main] hsgkjbskj
2020-02-06 08:11:27,497 WARN r.d.a.r.App [main] test2
2020-02-06 08:17:41,458 INFO r.d.a.r.App [main] hsgkjbskj
2020-02-06 08:17:41,461 WARN r.d.a.r.App [main] test2
2020-02-06 08:17:56,455 INFO r.d.a.r.App [main] hsgkjbskj
2020-02-06 08:17:56,457 WARN r.d.a.r.App [main] test2
2020-02-06 08:18:19,501 INFO r.d.a.r.App [main] hsgkjbskj
2020-02-06 08:18:19,504 WARN r.d.a.r.App [main] test2
2020-02-06 08:18:58,023 INFO r.d.a.r.App [main] hsgkjbskj
2020-02-06 08:18:58,026 WARN r.d.a.r.App [main] test2
2020-02-06 08:19:31,913 INFO r.d.a.r.App [main] hsgkjbskj
2020-02-06 08:19:31,915 WARN r.d.a.r.App [main] test2
2020-02-06 08:20:50,939 INFO r.d.a.r.App [main] hsgkjbskj
2020-02-06 08:21:20,885 WARN r.d.a.r.App [main] test2
2020-02-06 08:23:05,359 WARN r.d.a.r.App [main] test2
2020-02-06 12:03:59,527 WARN r.d.a.r.App [main] Env.Temp: 4 °C Errors: [3]
2020-02-06 12:29:02,613 WARN r.d.a.r.App [main] Env.Temp: 6 °C Errors: [2]
2020-02-06 12:34:03,052 WARN r.d.a.r.App [main] Env.Temp: 7 °C Errors: [3]
2020-02-06 13:04:06,461 WARN r.d.a.r.App [main] Env.Temp: 9 °C Issues: HM rpm issue LEFT: 3512 HM rpm issue RIGHT: 3746 
2020-02-06 14:06:07,581 WARN r.d.a.r.App [main] Env.Temp: 6°C Errors: [52, 61]
2020-02-06 15:56:26,213 WARN r.d.a.r.App [main] Env.Temp: 10°C Issues: HydOil temperature issue: 77; 
2020-02-06 16:01:27,651 WARN r.d.a.r.App [main] Env.Temp: 11°C Issues: HydOil temperature issue: 79; 
2020-02-06 16:06:28,179 WARN r.d.a.r.App [main] Env.Temp: 11°C Issues: HydOil temperature issue: 79; 
2020-02-06 16:41:34,370 WARN r.d.a.r.App [main] Env.Temp: 14°C Issues: HydOil temperature issue: 76; 
2020-02-06 16:46:43,096 WARN r.d.a.r.App [main] Env.Temp: 15°C Issues: HydOil temperature issue: 76; 
2020-02-06 16:51:44,797 WARN r.d.a.r.App [main] Env.Temp: 15°C Issues: HydOil temperature issue: 77; 
2020-02-06 16:56:45,347 WARN r.d.a.r.App [main] Env.Temp: 17°C Issues: HydOil temperature issue: 76; 
2020-02-06 17:01:54,447 WARN r.d.a.r.App [main] Env.Temp: 17°C Issues: HydOil temperature issue: 76; 
2020-02-06 17:06:55,523 WARN r.d.a.r.App [main] Env.Temp: 18°C Issues: HydOil temperature issue: 76; 
2020-02-07 06:42:21,612 WARN r.d.a.r.App [main] Env.Temp: 17°C  Issues: Pump pressure issue LEFT: 453; HydOil temperature issue: 83; HM rpm issue LEFT: 3645; HM rpm issue RIGHT: 3698;  Errors: [2, 3, 61]
2020-02-07 08:18:30,491 WARN r.d.a.r.App [main] Env.Temp: 4°C Errors: [61]
2020-02-07 08:23:31,102 WARN r.d.a.r.App [main] Env.Temp: 5°C Errors: [61]
2020-02-07 08:33:32,618 WARN r.d.a.r.App [main] Env.Temp: 5°C Errors: [61]
2020-02-07 08:38:33,014 WARN r.d.a.r.App [main] Env.Temp: 5°C Errors: [61]
2020-02-07 09:08:36,580 WARN r.d.a.r.App [main] Env.Temp: 8°C Errors: [61]
2020-02-07 09:13:37,066 WARN r.d.a.r.App [main] Env.Temp: 8°C Errors: [61]
2020-02-07 09:43:40,373 WARN r.d.a.r.App [main] Env.Temp: 9°C Issues: HM rpm issue RIGHT: 3517; 
2020-02-07 09:58:41,936 WARN r.d.a.r.App [main] Env.Temp: 9°C Issues: HM rpm issue LEFT: 3663; 
2020-02-07 10:03:42,917 WARN r.d.a.r.App [main] Env.Temp: 9°C Issues: HM rpm issue LEFT: 3858; HM rpm issue RIGHT: 3716; 
2020-02-07 10:18:44,477 WARN r.d.a.r.App [main] Env.Temp: 9°C Errors: [61]
2020-02-07 10:33:46,440 WARN r.d.a.r.App [main] Env.Temp: 11°C Issues: HM rpm issue LEFT: 3622; HM rpm issue RIGHT: 3858; 
2020-02-07 10:53:48,528 WARN r.d.a.r.App [main] Env.Temp: 12°C Errors: [61]
2020-02-07 10:58:48,975 WARN r.d.a.r.App [main] Env.Temp: 13°C Errors: [61]
2020-02-07 11:03:49,637 WARN r.d.a.r.App [main] Env.Temp: 13°C Errors: [61]
2020-02-07 11:13:51,139 WARN r.d.a.r.App [main] Env.Temp: 15°C Errors: [61]
2020-02-07 11:18:51,700 WARN r.d.a.r.App [main] Env.Temp: 15°C Errors: [61]
2020-02-07 11:23:52,194 WARN r.d.a.r.App [main] Env.Temp: 15°C Errors: [61]
2020-02-07 11:28:52,858 WARN r.d.a.r.App [main] Env.Temp: 16°C Errors: [61]
2020-02-07 11:33:53,388 WARN r.d.a.r.App [main] Env.Temp: 16°C Errors: [61]
2020-02-07 11:43:54,592 WARN r.d.a.r.App [main] Env.Temp: 16°C Errors: [61]
2020-02-07 11:48:55,065 WARN r.d.a.r.App [main] Env.Temp: 17°C Errors: [61]
2020-02-07 11:53:55,558 WARN r.d.a.r.App [main] Env.Temp: 17°C Errors: [61]
2020-02-07 11:58:55,990 WARN r.d.a.r.App [main] Env.Temp: 17°C Errors: [61]
2020-02-07 12:03:56,556 WARN r.d.a.r.App [main] Env.Temp: 18°C Errors: [61]
2020-02-07 12:08:56,953 WARN r.d.a.r.App [main] Env.Temp: 18°C Errors: [61]
2020-02-07 12:13:57,432 WARN r.d.a.r.App [main] Env.Temp: 18°C Errors: [61]
2020-02-07 12:18:57,915 WARN r.d.a.r.App [main] Env.Temp: 19°C Errors: [61]
2020-02-07 12:23:58,386 WARN r.d.a.r.App [main] Env.Temp: 19°C Errors: [61]
2020-02-07 12:28:59,009 WARN r.d.a.r.App [main] Env.Temp: 19°C Errors: [61]
2020-02-07 12:33:59,529 WARN r.d.a.r.App [main] Env.Temp: 19°C Errors: [61]
2020-02-07 12:39:00,127 WARN r.d.a.r.App [main] Env.Temp: 20°C Errors: [61]
2020-02-07 12:44:00,542 WARN r.d.a.r.App [main] Env.Temp: 20°C Errors: [61]
2020-02-07 12:49:01,126 WARN r.d.a.r.App [main] Env.Temp: 20°C  Issues: Pump pressure issue LEFT: 475;  Errors: [61]
2020-02-07 12:54:01,750 WARN r.d.a.r.App [main] Env.Temp: 21°C Errors: [61]
2020-02-07 12:59:02,237 WARN r.d.a.r.App [main] Env.Temp: 21°C Errors: [61]
2020-02-07 13:04:02,801 WARN r.d.a.r.App [main] Env.Temp: 22°C Errors: [61]
2020-02-07 13:09:03,317 WARN r.d.a.r.App [main] Env.Temp: 22°C Errors: [61]
2020-02-07 13:14:04,063 WARN r.d.a.r.App [main] Env.Temp: 22°C Errors: [61]
2020-02-07 13:19:04,964 WARN r.d.a.r.App [main] Env.Temp: 23°C Errors: [61]
2020-02-07 13:24:05,729 WARN r.d.a.r.App [main] Env.Temp: 23°C Errors: [61]
2020-02-07 13:29:06,223 WARN r.d.a.r.App [main] Env.Temp: 23°C Errors: [61]
2020-02-07 13:39:07,329 WARN r.d.a.r.App [main] Env.Temp: 23°C Errors: [61]
2020-02-07 13:44:07,847 WARN r.d.a.r.App [main] Env.Temp: 24°C Errors: [61]
2020-02-07 13:49:08,275 WARN r.d.a.r.App [main] Env.Temp: 24°C Errors: [61]
2020-02-07 13:54:08,826 WARN r.d.a.r.App [main] Env.Temp: 24°C Errors: [61]
2020-02-07 13:59:09,313 WARN r.d.a.r.App [main] Env.Temp: 24°C Errors: [61]
2020-02-07 14:04:10,184 WARN r.d.a.r.App [main] Env.Temp: 24°C Errors: [61]
2020-02-07 14:09:10,648 WARN r.d.a.r.App [main] Env.Temp: 24°C Errors: [61]
2020-02-07 15:09:21,584 WARN r.d.a.r.App [main] Env.Temp: 18°C Errors: [61]
2020-02-07 15:14:22,157 WARN r.d.a.r.App [main] Env.Temp: 18°C Errors: [61]
2020-02-07 15:19:22,750 WARN r.d.a.r.App [main] Env.Temp: 19°C Errors: [61]
2020-02-07 15:24:23,272 WARN r.d.a.r.App [main] Env.Temp: 19°C Errors: [61]
2020-02-07 15:29:23,726 WARN r.d.a.r.App [main] Env.Temp: 20°C Errors: [61]
2020-02-07 15:34:24,320 WARN r.d.a.r.App [main] Env.Temp: 20°C Errors: [61]
2020-02-07 15:39:24,720 WARN r.d.a.r.App [main] Env.Temp: 20°C Errors: [61]
2020-02-07 15:44:25,381 WARN r.d.a.r.App [main] Env.Temp: 21°C Errors: [61]
2020-02-07 15:49:25,850 WARN r.d.a.r.App [main] Env.Temp: 21°C Errors: [61]
2020-02-07 15:54:26,399 WARN r.d.a.r.App [main] Env.Temp: 21°C Errors: [61]
2020-02-07 15:59:26,866 WARN r.d.a.r.App [main] Env.Temp: 22°C Errors: [61]
2020-02-07 16:04:27,420 WARN r.d.a.r.App [main] Env.Temp: 22°C Errors: [61]
2020-02-07 16:09:27,910 WARN r.d.a.r.App [main] Env.Temp: 22°C Errors: [61]
2020-02-07 16:14:28,429 WARN r.d.a.r.App [main] Env.Temp: 22°C Errors: [61]
2020-02-07 16:19:29,011 WARN r.d.a.r.App [main] Env.Temp: 22°C Errors: [61]
2020-02-07 16:24:29,512 WARN r.d.a.r.App [main] Env.Temp: 22°C Errors: [61]
2020-02-07 16:39:30,847 WARN r.d.a.r.App [main] Env.Temp: 23°C Errors: [61]
2020-02-07 16:44:31,992 WARN r.d.a.r.App [main] Env.Temp: 23°C Errors: [61]
2020-02-07 16:49:32,430 WARN r.d.a.r.App [main] Env.Temp: 23°C Errors: [61]
2020-02-07 16:54:33,056 WARN r.d.a.r.App [main] Env.Temp: 23°C Errors: [61]
2020-02-07 16:59:34,291 WARN r.d.a.r.App [main] Env.Temp: 24°C Errors: [61]
2020-02-07 17:04:34,951 WARN r.d.a.r.App [main] Env.Temp: 24°C Errors: [61]
2020-02-07 17:09:35,449 WARN r.d.a.r.App [main] Env.Temp: 24°C Errors: [61]
2020-02-07 17:14:36,007 WARN r.d.a.r.App [main] Env.Temp: 24°C Errors: [61]
2020-02-07 17:19:36,439 WARN r.d.a.r.App [main] Env.Temp: 24°C Errors: [61]
2020-02-07 17:24:36,912 WARN r.d.a.r.App [main] Env.Temp: 24°C Errors: [61]
2020-02-07 17:29:37,385 WARN r.d.a.r.App [main] Env.Temp: 25°C Errors: [61]
2020-02-07 17:34:37,980 WARN r.d.a.r.App [main] Env.Temp: 25°C Errors: [61]
2020-02-07 17:39:38,764 WARN r.d.a.r.App [main] Env.Temp: 25°C Errors: [61]
2020-02-07 17:44:39,464 WARN r.d.a.r.App [main] Env.Temp: 25°C Errors: [61]
2020-02-07 17:49:39,872 WARN r.d.a.r.App [main] Env.Temp: 26°C Errors: [61]
2020-02-07 17:54:40,367 WARN r.d.a.r.App [main] Env.Temp: 26°C  Issues: HydOil temperature issue: 76;  Errors: [61]
2020-02-07 17:59:40,800 WARN r.d.a.r.App [main] Env.Temp: 26°C  Issues: HydOil temperature issue: 76;  Errors: [61]
2020-02-07 18:04:41,744 WARN r.d.a.r.App [main] Env.Temp: 27°C Errors: [61]
2020-02-07 18:09:42,328 WARN r.d.a.r.App [main] Env.Temp: 27°C Errors: [61]
2020-02-07 18:14:42,863 WARN r.d.a.r.App [main] Env.Temp: 27°C Errors: [61]
2020-02-07 18:19:52,448 WARN r.d.a.r.App [main] Env.Temp: 28°C  Issues: HydOil temperature issue: 76;  Errors: [61]
2020-02-07 18:29:45,089 WARN r.d.a.r.App [main] Env.Temp: 28°C Issues: HM rpm issue LEFT: 3600; 
2020-02-10 06:52:49,061 WARN r.d.a.r.App [main] Env.Temp: 19°C  Issues: Pump pressure issue LEFT: 457; HydOil temperature issue: 91; HM rpm issue LEFT: 3710; HM rpm issue RIGHT: 3783;  Errors: [2, 3, 61, 15]
2020-02-10 06:53:44,562 WARN r.d.a.r.App [main] Env.Temp: 22°C  Issues: Pump pressure issue LEFT: 458; Pump pressure issue RIGHT: 460; HydOil temperature issue: 91; HM rpm issue LEFT: 3710; HM rpm issue RIGHT: 3783;  Errors: [2, 3, 61, 15]
